ffmpeg version N-84348-gdb7a05d Copyright (c) 2000-2017 the FFmpeg developers
  built with gcc 6.3.0 (GCC)
  configuration: --enable-gpl --enable-version3 --enable-cuda --enable-cuvid --enable-d3d11va --enable-dxva2 --enable-libmfx --enable-nvenc --enable-avisynth --enable-bzlib --enable-fontconfig --enable-frei0r --enable-gnutls --enable-iconv --enable-libass --enable-libbluray --enable-libbs2b --enable-libcaca --enable-libfreetype --enable-libgme --enable-libgsm --enable-libilbc --enable-libmodplug --enable-libmp3lame --enable-libopencore-amrnb --enable-libopencore-amrwb --enable-libopenh264 --enable-libopenjpeg --enable-libopus --enable-librtmp --enable-libsnappy --enable-libsoxr --enable-libspeex --enable-libtheora --enable-libtwolame --enable-libvidstab --enable-libvo-amrwbenc --enable-libvorbis --enable-libvpx --enable-libwavpack --enable-libwebp --enable-libx264 --enable-libx265 --enable-libxavs --enable-libxvid --enable-libzimg --enable-lzma --enable-zlib
  libavutil      55. 50.100 / 55. 50.100
  libavcodec     57. 83.101 / 57. 83.101
  libavformat    57. 66.105 / 57. 66.105
  libavdevice    57.  3.100 / 57.  3.100
  libavfilter     6. 78.100 /  6. 78.100
  libswscale      4.  3.101 /  4.  3.101
  libswresample   2.  4.100 /  2.  4.100
  libpostproc    54.  2.100 / 54.  2.100
Trailing options were found on the commandline.
Input #0, image2pipe, from 'pipe:':
  Duration: N/A, bitrate: N/A
    Stream #0:0: Video: ppm, rgb24, 432x240, 20 fps, 20 tbr, 20 tbn, 20 tbc
At least one output file must be specified
06be8a0] using cpu capabilities: MMX2 SSE2Fast SSSE3 SSE4.2 AVX FMA3 AVX2 LZCNT BMI2
[libx264 @ 00000000006be8a0] profile High, level 2.1
[libx264 @ 00000000006be8a0] 264 - core 148 r2762 90a61ec - H.264/MPEG-4 AVC codec - Copyleft 2003-2017 - http://www.videolan.org/x264.html - options: cabac=1 ref=3 deblock=1:0:0 analyse=0x3:0x113 me=hex subme=7 psy=1 psy_rd=1.00:0.00 mixed_ref=1 me_range=16 chroma_me=1 trellis=1 8x8dct=1 cqm=0 deadzone=21,11 fast_pskip=1 chroma_qp_offset=-2 threads=6 lookahead_threads=1 sliced_threads=0 nr=0 decimate=1 interlaced=0 bluray_compat=0 constrained_intra=0 bframes=3 b_pyramid=2 b_adapt=1 b_bias=0 direct=1 weightb=1 open_gop=0 weightp=2 keyint=250 keyint_min=20 scenecut=40 intra_refresh=0 rc_lookahead=40 rc=abr mbtree=1 bitrate=400 ratetol=1.0 qcomp=0.60 qpmin=0 qpmax=69 qpstep=4 ip_ratio=1.40 aq=1:1.00
Output #0, mp4, to '.\mission_records\1c23e8ce-3fdd-44cf-80f6-947a8e9a23c7\video.mp4':
  Metadata:
    encoder         : Lavf57.66.105
    Stream #0:0: Video: h264 (libx264) ([33][0][0][0] / 0x0021), yuv420p, 432x240, q=-1--1, 400 kb/s, 20 fps, 10240 tbn, 20 tbc
    Metadata:
      encoder         : Lavc57.83.101 libx264
    Side data:
      cpb: bitrate max/min/avg: 0/0/400000 buffer size: 0 vbv_delay: -1
frame=    9 fps=0.0 q=-1.0 Lsize=      49kB time=00:00:00.30 bitrate=1341.5kbits/s speed=1.45x    
video:48kB audio:0kB subtitle:0kB other streams:0kB global headers:0kB muxing overhead: 1.907655%
[libx264 @ 00000000006be8a0] frame I:1     Avg QP:26.47  size:  7761
[libx264 @ 00000000006be8a0] frame P:2     Avg QP:27.44  size:  6619
[libx264 @ 00000000006be8a0] frame B:6     Avg QP:27.68  size:  4613
[libx264 @ 00000000006be8a0] consecutive B-frames: 11.1%  0.0%  0.0% 88.9%
[libx264 @ 00000000006be8a0] mb I  I16..4: 23.2% 54.6% 22.2%
[libx264 @ 00000000006be8a0] mb P  I16..4: 19.1% 30.2% 13.5%  P16..4: 10.9% 16.0%  7.2%  0.0%  0.0%    skip: 3.1%
[libx264 @ 00000000006be8a0] mb B  I16..4: 15.8%  7.2%  2.9%  B16..8: 22.3% 21.3%  9.4%  direct: 5.8%  skip:15.3%  L0:52.7% L1:38.1% BI: 9.2%
[libx264 @ 00000000006be8a0] final ratefactor: 31.22
[libx264 @ 00000000006be8a0] 8x8 transform intra:41.5% inter:49.1%
[libx264 @ 00000000006be8a0] coded y,uvDC,uvAC intra: 33.2% 49.9% 30.3% inter: 52.0% 43.4% 7.0%
[libx264 @ 00000000006be8a0] i16 v,h,dc,p: 10% 77%  9%  4%
[libx264 @ 00000000006be8a0] i8 v,h,dc,ddl,ddr,vr,hd,vl,hu:  8% 37% 33%  2%  3%  1%  7%  1%  8%
[libx264 @ 00000000006be8a0] i4 v,h,dc,ddl,ddr,vr,hd,vl,hu:  9% 40% 18%  4%  5%  2% 10%  2% 11%
[libx264 @ 00000000006be8a0] i8c dc,h,v,p: 33% 57%  5%  5%
[libx264 @ 00000000006be8a0] Weighted P-Frames: Y:50.0% UV:0.0%
[libx264 @ 00000000006be8a0] ref P L0: 63.1%  3.6%  5.3% 18.9%  9.0%
[libx264 @ 00000000006be8a0] ref B L0: 92.8%  6.9%  0.3%
[libx264 @ 00000000006be8a0] ref B L1: 86.6% 13.4%
[libx264 @ 00000000006be8a0] kb/s:865.35

20] Weighted P-Frames: Y:23.5% UV:5.9%
[libx264 @ 000000000037a720] ref P L0: 68.5% 10.2% 11.0%  5.1%  5.3%
[libx264 @ 000000000037a720] ref B L0: 81.4% 14.5%  4.0%
[libx264 @ 000000000037a720] ref B L1: 95.3%  4.7%
[libx264 @ 000000000037a720] kb/s:390.12

0] kb/s:285.67
0000000056a780] ref B L1: 96.8%  3.2%
[libx264 @ 000000000056a780] kb/s:290.28


08.13
0.7%  direct: 2.2%  skip:40.9%  L0:50.3% L1:40.6% BI: 9.1%
[libx264 @ 0000000000393ce0] final ratefactor: 20.38
[libx264 @ 0000000000393ce0] 8x8 transform intra:41.4% inter:49.7%
[libx264 @ 0000000000393ce0] coded y,uvDC,uvAC intra: 52.4% 14.8% 2.0% inter: 22.2% 4.6% 0.1%
[libx264 @ 0000000000393ce0] i16 v,h,dc,p: 11% 82%  4%  2%
[libx264 @ 0000000000393ce0] i8 v,h,dc,ddl,ddr,vr,hd,vl,hu:  5% 18% 37%  5%  7%  3% 10%  4% 10%
[libx264 @ 0000000000393ce0] i4 v,h,dc,ddl,ddr,vr,hd,vl,hu:  6% 23% 22%  7%  9%  4% 13%  4% 12%
[libx264 @ 0000000000393ce0] i8c dc,h,v,p: 58% 39%  2%  1%
[libx264 @ 0000000000393ce0] Weighted P-Frames: Y:4.4% UV:0.0%
[libx264 @ 0000000000393ce0] ref P L0: 66.5%  5.6% 18.3%  9.5%  0.2%
[libx264 @ 0000000000393ce0] ref B L0: 89.1%  8.1%  2.8%
[libx264 @ 0000000000393ce0] ref B L1: 96.7%  3.3%
[libx264 @ 0000000000393ce0] kb/s:402.92
% 44%  3%  1%
[libx264 @ 0000000000513ce0] Weighted P-Frames: Y:1.9% UV:1.9%
[libx264 @ 0000000000513ce0] ref P L0: 65.8%  6.5% 16.2% 11.5%
[libx264 @ 0000000000513ce0] ref B L0: 88.0%  8.5%  3.5%
[libx264 @ 0000000000513ce0] ref B L1: 97.5%  2.5%
[libx264 @ 0000000000513ce0] kb/s:402.56
